<?xml version="1.0" encoding="UTF-8"?>
<!-- Generated by org.testng.reporters.JUnitXMLReporter -->
<testsuite ignored="0" hostname="Deepak" failures="1" tests="6" name="Test" time="0.096" errors="0" timestamp="2021-01-08T01:14:54 IST">
  <testcase classname="listeners.TestNGListenerDemo" name="test1" time="0.011"/>
  <testcase classname="listeners.TestNGListenerDemo" name="test2" time="0.006">
    <failure type="java.lang.AssertionError">
      <![CDATA[java.lang.AssertionError
at org.junit.Assert.fail(Assert.java:87)
at org.junit.Assert.assertTrue(Assert.java:42)
at org.junit.Assert.assertTrue(Assert.java:53)
at listeners.TestNGListenerDemo.test2(TestNGListenerDemo.java:19)
at java.base/java.util.ArrayList.forEach(ArrayList.java:1511)
... Removed 27 stack frames]]>
    </failure>
  </testcase> <!-- test2 -->
  <testcase classname="listeners.TestNGListenerDemo" name="test3" time="0.004">
    <skipped/>
  </testcase> <!-- test3 -->
  <testcase classname="listeners.TestNGListenerDemo2" name="test4" time="0.002"/>
  <testcase classname="listeners.TestNGListenerDemo2" name="test5" time="0.002"/>
  <testcase classname="listeners.TestNGListenerDemo2" name="test6" time="0.004">
    <skipped/>
  </testcase> <!-- test6 -->
</testsuite> <!-- Test -->
